<?xml version="1.0" encoding="UTF-8"?>
<!-- Generated by org.testng.reporters.JUnitXMLReporter -->
<testsuite ignored="0" hostname="ATMECSINDT-088" failures="1" tests="1" name="Test" time="20.14" errors="0" timestamp="26 Sep 2019 13:42:25 GMT">
  <testcase classname="com.atmecs.project.script.SearchBlogs" name="searchLog" time="9.84">
    <failure type="java.lang.IllegalArgumentException" message="Cannot find elements when the XPath is null.">
      <![CDATA[java.lang.IllegalArgumentException: Cannot find elements when the XPath is null.
at org.openqa.selenium.By$ByXPath.<init>(By.java:339)
at org.openqa.selenium.By.xpath(By.java:92)
at com.atmecs.project.script.SearchBlogs.searchLog(SearchBlogs.java:33)
... Removed 25 stack frames]]>
    </failure>
  </testcase> <!-- searchLog -->
</testsuite> <!-- Test -->
